{"connection_timeout_ms":5000,"idle_timeout_ms":30000,"level":"info","max":10,"message":"db_pool_configured","min":2,"service":"database","timestamp":"2026-03-08T07:09:41.695Z"}
{"grpc_service":"InvestmentService","level":"info","message":"grpc_service_registered","service":"grpc_server","timestamp":"2026-03-08T07:09:41.974Z"}
{"level":"info","message":"http_server_started","port":8087,"service":"http_server","timestamp":"2026-03-08T07:09:41.988Z"}
{"level":"info","message":"grpc_server_started","port":10003,"service":"grpc_server","timestamp":"2026-03-08T07:09:41.999Z"}
{"level":"info","message":"rabbitmq_connected","service":"rabbitmq","timestamp":"2026-03-08T07:09:42.047Z"}
{"exchange":"refina_microservice","level":"info","message":"rabbitmq_exchange_declared","service":"rabbitmq","timestamp":"2026-03-08T07:09:42.056Z"}
{"level":"info","message":"shutdown_started","service":"main","timestamp":"2026-03-08T08:14:52.507Z"}
{"level":"info","message":"http_server_closed","service":"http_server","timestamp":"2026-03-08T08:14:52.547Z"}
{"level":"info","message":"grpc_server_closed","service":"grpc_server","timestamp":"2026-03-08T08:14:52.551Z"}
{"connection_timeout_ms":5000,"idle_timeout_ms":30000,"level":"info","max":10,"message":"db_pool_configured","min":2,"service":"database","timestamp":"2026-03-08T08:15:19.575Z"}
{"grpc_service":"InvestmentService","level":"info","message":"grpc_service_registered","service":"grpc_server","timestamp":"2026-03-08T08:15:19.830Z"}
{"level":"info","message":"http_server_started","port":8087,"service":"http_server","timestamp":"2026-03-08T08:15:19.846Z"}
{"level":"info","message":"grpc_server_started","port":10003,"service":"grpc_server","timestamp":"2026-03-08T08:15:19.861Z"}
{"level":"info","message":"rabbitmq_connected","service":"rabbitmq","timestamp":"2026-03-08T08:15:19.945Z"}
{"exchange":"refina_microservice","level":"info","message":"rabbitmq_exchange_declared","service":"rabbitmq","timestamp":"2026-03-08T08:15:19.958Z"}
{"error":"Connection closed: 320 (CONNECTION-FORCED) with message \"CONNECTION_FORCED - broker forced connection closure with reason 'shutdown'\"","level":"warn","message":"rabbitmq_disconnected","service":"rabbitmq","timestamp":"2026-03-08T09:09:31.757Z"}
{"level":"info","message":"shutdown_started","service":"main","timestamp":"2026-03-08T09:09:31.853Z"}
{"connection_timeout_ms":5000,"idle_timeout_ms":30000,"level":"info","max":10,"message":"db_pool_configured","min":2,"service":"database","timestamp":"2026-03-09T06:44:22.252Z"}
{"grpc_service":"InvestmentService","level":"info","message":"grpc_service_registered","service":"grpc_server","timestamp":"2026-03-09T06:44:22.854Z"}
{"level":"info","message":"http_server_started","port":8087,"service":"http_server","timestamp":"2026-03-09T06:44:22.868Z"}
{"level":"info","message":"grpc_server_started","port":10003,"service":"grpc_server","timestamp":"2026-03-09T06:44:22.892Z"}
{"level":"info","message":"rabbitmq_connected","service":"rabbitmq","timestamp":"2026-03-09T06:44:22.945Z"}
{"exchange":"refina_microservice","level":"info","message":"rabbitmq_exchange_declared","service":"rabbitmq","timestamp":"2026-03-09T06:44:22.997Z"}
{"level":"debug","message":"grpc_request_received","method":"/investment.InvestmentService/GetAssetCodes","request_id":"687400e3-a2d6-4073-b001-47c7c6a8c8f2","service":"grpc_server","timestamp":"2026-03-09T06:49:25.800Z","user_id":"a79a39e5-d70f-41ae-b7e6-36246a99172d"}
{"level":"debug","message":"grpc_request_received","method":"/investment.InvestmentService/GetUserInvestmentList","request_id":"86cd386f-e18a-4355-9e0a-cbcad5b7a7e9","service":"grpc_server","timestamp":"2026-03-09T06:49:26.133Z","user_id":"a79a39e5-d70f-41ae-b7e6-36246a99172d"}
{"duration_ms":240.00386300001992,"level":"debug","message":"db_query_executed","query":"SELECT \"public\".\"asset_codes\".\"code\", \"public\".\"asset_codes\".\"name\", \"public\".\"asset_codes\".\"unit\", \"public\".\"asset_codes\".\"toUSD\", \"public\".\"asset_codes\".\"toIDR\", \"public\".\"asset_codes\".\"toEUR\", \"public\".\"asset_codes\".\"createdAt\", \"public\".\"asset_codes\".\"updatedAt\" FROM \"public\".\"asset_codes\" WHERE \"public\".\"asset_codes\".\"deletedAt\" IS NULL OFFSET $1","service":"database","timestamp":"2026-03-09T06:49:26.344Z"}
{"count":248,"level":"info","message":"get_asset_codes_completed","request_id":"687400e3-a2d6-4073-b001-47c7c6a8c8f2","service":"grpc_server","timestamp":"2026-03-09T06:49:26.400Z","user_id":"a79a39e5-d70f-41ae-b7e6-36246a99172d"}
{"duration_ms":280.40668399998685,"level":"debug","message":"db_query_executed","query":"SELECT \"public\".\"investments\".\"id\", \"public\".\"investments\".\"code\", \"public\".\"investments\".\"userId\", \"public\".\"investments\".\"walletId\", \"public\".\"investments\".\"quantity\", \"public\".\"investments\".\"initialValuation\", \"public\".\"investments\".\"amount\", \"public\".\"investments\".\"date\", \"public\".\"investments\".\"description\", \"public\".\"investments\".\"createdAt\", \"public\".\"investments\".\"updatedAt\", \"public\".\"investments\".\"deletedAt\" FROM \"public\".\"investments\" WHERE (\"public\".\"investments\".\"userId\" = $1 AND \"public\".\"investments\".\"quantity\" > $2 AND \"public\".\"investments\".\"deletedAt\" IS NULL) OFFSET $3","service":"database","timestamp":"2026-03-09T06:49:26.450Z"}
{"duration_ms":12.418951000028756,"level":"debug","message":"db_query_executed","query":"SELECT \"public\".\"asset_codes\".\"code\", \"public\".\"asset_codes\".\"name\", \"public\".\"asset_codes\".\"unit\", \"public\".\"asset_codes\".\"toUSD\", \"public\".\"asset_codes\".\"toEUR\", \"public\".\"asset_codes\".\"toIDR\", \"public\".\"asset_codes\".\"createdAt\", \"public\".\"asset_codes\".\"updatedAt\", \"public\".\"asset_codes\".\"deletedAt\" FROM \"public\".\"asset_codes\" WHERE \"public\".\"asset_codes\".\"code\" IN ($1,$2,$3,$4,$5,$6,$7,$8,$9) OFFSET $10","service":"database","timestamp":"2026-03-09T06:49:26.464Z"}
{"level":"info","message":"get_user_investment_list_completed","page":1,"request_id":"86cd386f-e18a-4355-9e0a-cbcad5b7a7e9","service":"grpc_server","timestamp":"2026-03-09T06:49:26.478Z","total":9,"user_id":"a79a39e5-d70f-41ae-b7e6-36246a99172d"}
{"error":"Connection closed: 320 (CONNECTION-FORCED) with message \"CONNECTION_FORCED - broker forced connection closure with reason 'shutdown'\"","level":"warn","message":"rabbitmq_disconnected","service":"rabbitmq","timestamp":"2026-03-09T07:58:57.656Z"}
{"level":"info","message":"shutdown_started","service":"main","timestamp":"2026-03-09T07:58:58.149Z"}
{"connection_timeout_ms":5000,"idle_timeout_ms":30000,"level":"info","max":10,"message":"db_pool_configured","min":2,"service":"database","timestamp":"2026-03-11T01:44:27.517Z"}
{"grpc_service":"InvestmentService","level":"info","message":"grpc_service_registered","service":"grpc_server","timestamp":"2026-03-11T01:44:27.963Z"}
{"level":"info","message":"http_server_started","port":8087,"service":"http_server","timestamp":"2026-03-11T01:44:27.984Z"}
{"level":"info","message":"grpc_server_started","port":10003,"service":"grpc_server","timestamp":"2026-03-11T01:44:28.005Z"}
{"level":"info","message":"rabbitmq_connected","service":"rabbitmq","timestamp":"2026-03-11T01:44:28.059Z"}
{"exchange":"refina_microservice","level":"info","message":"rabbitmq_exchange_declared","service":"rabbitmq","timestamp":"2026-03-11T01:44:28.073Z"}
{"level":"info","message":"shutdown_started","service":"main","timestamp":"2026-03-11T01:49:29.078Z"}
{"level":"info","message":"http_server_closed","service":"http_server","timestamp":"2026-03-11T01:49:29.093Z"}
{"level":"info","message":"grpc_server_closed","service":"grpc_server","timestamp":"2026-03-11T01:49:29.096Z"}
{"connection_timeout_ms":5000,"idle_timeout_ms":30000,"level":"info","max":10,"message":"db_pool_configured","min":2,"service":"database","timestamp":"2026-03-11T01:50:04.507Z"}
{"grpc_service":"InvestmentService","level":"info","message":"grpc_service_registered","service":"grpc_server","timestamp":"2026-03-11T01:50:04.732Z"}
{"level":"info","message":"http_server_started","port":8087,"service":"http_server","timestamp":"2026-03-11T01:50:04.739Z"}
{"level":"info","message":"grpc_server_started","port":10003,"service":"grpc_server","timestamp":"2026-03-11T01:50:04.751Z"}
{"level":"info","message":"rabbitmq_connected","service":"rabbitmq","timestamp":"2026-03-11T01:50:04.799Z"}
{"exchange":"refina_microservice","level":"info","message":"rabbitmq_exchange_declared","service":"rabbitmq","timestamp":"2026-03-11T01:50:04.805Z"}
{"error":"Connection closed: 320 (CONNECTION-FORCED) with message \"CONNECTION_FORCED - broker forced connection closure with reason 'shutdown'\"","level":"warn","message":"rabbitmq_disconnected","service":"rabbitmq","timestamp":"2026-03-11T04:39:41.931Z"}
{"level":"info","message":"shutdown_started","service":"main","timestamp":"2026-03-11T04:39:42.989Z"}
{"connection_timeout_ms":5000,"idle_timeout_ms":30000,"level":"info","max":10,"message":"db_pool_configured","min":2,"service":"database","timestamp":"2026-03-11T06:02:00.013Z"}
{"grpc_service":"InvestmentService","level":"info","message":"grpc_service_registered","service":"grpc_server","timestamp":"2026-03-11T06:02:00.358Z"}
{"level":"info","message":"http_server_started","port":8087,"service":"http_server","timestamp":"2026-03-11T06:02:00.376Z"}
{"level":"info","message":"grpc_server_started","port":10003,"service":"grpc_server","timestamp":"2026-03-11T06:02:00.392Z"}
{"level":"info","message":"rabbitmq_connected","service":"rabbitmq","timestamp":"2026-03-11T06:02:00.443Z"}
{"exchange":"refina_microservice","level":"info","message":"rabbitmq_exchange_declared","service":"rabbitmq","timestamp":"2026-03-11T06:02:00.453Z"}
{"level":"debug","message":"grpc_request_received","method":"/investment.InvestmentService/GetUserInvestmentList","request_id":"7760abf4-dd52-4a5e-8dec-4fbc2e1ece42","service":"grpc_server","timestamp":"2026-03-11T06:35:15.149Z","user_id":"a79a39e5-d70f-41ae-b7e6-36246a99172d"}
{"level":"debug","message":"grpc_request_received","method":"/investment.InvestmentService/GetAssetCodes","request_id":"54462531-5460-468c-bff8-c8e3bb84a46e","service":"grpc_server","timestamp":"2026-03-11T06:35:15.441Z","user_id":"a79a39e5-d70f-41ae-b7e6-36246a99172d"}
{"duration_ms":34.65853999997489,"level":"debug","message":"db_query_executed","query":"SELECT \"public\".\"asset_codes\".\"code\", \"public\".\"asset_codes\".\"name\", \"public\".\"asset_codes\".\"unit\", \"public\".\"asset_codes\".\"toUSD\", \"public\".\"asset_codes\".\"toIDR\", \"public\".\"asset_codes\".\"toEUR\", \"public\".\"asset_codes\".\"createdAt\", \"public\".\"asset_codes\".\"updatedAt\" FROM \"public\".\"asset_codes\" WHERE \"public\".\"asset_codes\".\"deletedAt\" IS NULL OFFSET $1","service":"database","timestamp":"2026-03-11T06:35:15.479Z"}
{"count":248,"level":"info","message":"get_asset_codes_completed","request_id":"54462531-5460-468c-bff8-c8e3bb84a46e","service":"grpc_server","timestamp":"2026-03-11T06:35:15.491Z","user_id":"a79a39e5-d70f-41ae-b7e6-36246a99172d"}
{"duration_ms":66.57758000004105,"level":"debug","message":"db_query_executed","query":"SELECT \"public\".\"investments\".\"id\", \"public\".\"investments\".\"code\", \"public\".\"investments\".\"userId\", \"public\".\"investments\".\"walletId\", \"public\".\"investments\".\"quantity\", \"public\".\"investments\".\"initialValuation\", \"public\".\"investments\".\"amount\", \"public\".\"investments\".\"date\", \"public\".\"investments\".\"description\", \"public\".\"investments\".\"createdAt\", \"public\".\"investments\".\"updatedAt\", \"public\".\"investments\".\"deletedAt\" FROM \"public\".\"investments\" WHERE (\"public\".\"investments\".\"userId\" = $1 AND \"public\".\"investments\".\"quantity\" > $2 AND \"public\".\"investments\".\"deletedAt\" IS NULL) OFFSET $3","service":"database","timestamp":"2026-03-11T06:35:15.502Z"}
{"duration_ms":2.0716289998963475,"level":"debug","message":"db_query_executed","query":"SELECT \"public\".\"asset_codes\".\"code\", \"public\".\"asset_codes\".\"name\", \"public\".\"asset_codes\".\"unit\", \"public\".\"asset_codes\".\"toUSD\", \"public\".\"asset_codes\".\"toEUR\", \"public\".\"asset_codes\".\"toIDR\", \"public\".\"asset_codes\".\"createdAt\", \"public\".\"asset_codes\".\"updatedAt\", \"public\".\"asset_codes\".\"deletedAt\" FROM \"public\".\"asset_codes\" WHERE \"public\".\"asset_codes\".\"code\" IN ($1,$2,$3,$4,$5,$6,$7,$8,$9) OFFSET $10","service":"database","timestamp":"2026-03-11T06:35:15.505Z"}
{"level":"info","message":"get_user_investment_list_completed","page":1,"request_id":"7760abf4-dd52-4a5e-8dec-4fbc2e1ece42","service":"grpc_server","timestamp":"2026-03-11T06:35:15.509Z","total":9,"user_id":"a79a39e5-d70f-41ae-b7e6-36246a99172d"}
{"error":"Connection closed: 320 (CONNECTION-FORCED) with message \"CONNECTION_FORCED - broker forced connection closure with reason 'shutdown'\"","level":"warn","message":"rabbitmq_disconnected","service":"rabbitmq","timestamp":"2026-03-11T10:40:35.931Z"}
{"level":"info","message":"shutdown_started","service":"main","timestamp":"2026-03-11T10:40:37.617Z"}
{"connection_timeout_ms":5000,"idle_timeout_ms":30000,"level":"info","max":10,"message":"db_pool_configured","min":2,"service":"database","timestamp":"2026-03-12T00:26:36.338Z"}
{"grpc_service":"InvestmentService","level":"info","message":"grpc_service_registered","service":"grpc_server","timestamp":"2026-03-12T00:26:36.943Z"}
{"level":"info","message":"http_server_started","port":8087,"service":"http_server","timestamp":"2026-03-12T00:26:36.970Z"}
{"level":"info","message":"grpc_server_started","port":10003,"service":"grpc_server","timestamp":"2026-03-12T00:26:36.999Z"}
{"level":"info","message":"rabbitmq_connected","service":"rabbitmq","timestamp":"2026-03-12T00:26:37.776Z"}
{"exchange":"refina_microservice","level":"info","message":"rabbitmq_exchange_declared","service":"rabbitmq","timestamp":"2026-03-12T00:26:37.823Z"}
{"level":"debug","message":"grpc_request_received","method":"/investment.InvestmentService/GetUserInvestmentList","request_id":"cb32cb26-c135-4bbc-a185-12eba8b6df5d","service":"grpc_server","timestamp":"2026-03-12T01:03:41.399Z","user_id":"a79a39e5-d70f-41ae-b7e6-36246a99172d"}
{"level":"debug","message":"grpc_request_received","method":"/investment.InvestmentService/GetAssetCodes","request_id":"038a9a18-867a-45b8-9b1c-8424c4676bb3","service":"grpc_server","timestamp":"2026-03-12T01:03:41.781Z","user_id":"a79a39e5-d70f-41ae-b7e6-36246a99172d"}
{"duration_ms":123.63117599999532,"level":"debug","message":"db_query_executed","query":"SELECT \"public\".\"asset_codes\".\"code\", \"public\".\"asset_codes\".\"name\", \"public\".\"asset_codes\".\"unit\", \"public\".\"asset_codes\".\"toUSD\", \"public\".\"asset_codes\".\"toIDR\", \"public\".\"asset_codes\".\"toEUR\", \"public\".\"asset_codes\".\"createdAt\", \"public\".\"asset_codes\".\"updatedAt\" FROM \"public\".\"asset_codes\" WHERE \"public\".\"asset_codes\".\"deletedAt\" IS NULL OFFSET $1","service":"database","timestamp":"2026-03-12T01:03:41.913Z"}
{"count":248,"level":"info","message":"get_asset_codes_completed","request_id":"038a9a18-867a-45b8-9b1c-8424c4676bb3","service":"grpc_server","timestamp":"2026-03-12T01:03:41.955Z","user_id":"a79a39e5-d70f-41ae-b7e6-36246a99172d"}
{"duration_ms":239.9936300003901,"level":"debug","message":"db_query_executed","query":"SELECT \"public\".\"investments\".\"id\", \"public\".\"investments\".\"code\", \"public\".\"investments\".\"userId\", \"public\".\"investments\".\"walletId\", \"public\".\"investments\".\"quantity\", \"public\".\"investments\".\"initialValuation\", \"public\".\"investments\".\"amount\", \"public\".\"investments\".\"date\", \"public\".\"investments\".\"description\", \"public\".\"investments\".\"createdAt\", \"public\".\"investments\".\"updatedAt\", \"public\".\"investments\".\"deletedAt\" FROM \"public\".\"investments\" WHERE (\"public\".\"investments\".\"userId\" = $1 AND \"public\".\"investments\".\"quantity\" > $2 AND \"public\".\"investments\".\"deletedAt\" IS NULL) OFFSET $3","service":"database","timestamp":"2026-03-12T01:03:41.985Z"}
{"duration_ms":8.945311000104994,"level":"debug","message":"db_query_executed","query":"SELECT \"public\".\"asset_codes\".\"code\", \"public\".\"asset_codes\".\"name\", \"public\".\"asset_codes\".\"unit\", \"public\".\"asset_codes\".\"toUSD\", \"public\".\"asset_codes\".\"toEUR\", \"public\".\"asset_codes\".\"toIDR\", \"public\".\"asset_codes\".\"createdAt\", \"public\".\"asset_codes\".\"updatedAt\", \"public\".\"asset_codes\".\"deletedAt\" FROM \"public\".\"asset_codes\" WHERE \"public\".\"asset_codes\".\"code\" IN ($1,$2,$3,$4,$5,$6,$7,$8,$9) OFFSET $10","service":"database","timestamp":"2026-03-12T01:03:41.997Z"}
{"level":"info","message":"get_user_investment_list_completed","page":1,"request_id":"cb32cb26-c135-4bbc-a185-12eba8b6df5d","service":"grpc_server","timestamp":"2026-03-12T01:03:42.006Z","total":9,"user_id":"a79a39e5-d70f-41ae-b7e6-36246a99172d"}
{"level":"debug","message":"grpc_request_received","method":"/investment.InvestmentService/GetUserInvestmentList","request_id":"a62cb03e-1180-4416-87ee-bac53f6a4956","service":"grpc_server","timestamp":"2026-03-12T01:33:32.394Z","user_id":"a79a39e5-d70f-41ae-b7e6-36246a99172d"}
{"duration_ms":43.44545599957928,"level":"debug","message":"db_query_executed","query":"SELECT \"public\".\"investments\".\"id\", \"public\".\"investments\".\"code\", \"public\".\"investments\".\"userId\", \"public\".\"investments\".\"walletId\", \"public\".\"investments\".\"quantity\", \"public\".\"investments\".\"initialValuation\", \"public\".\"investments\".\"amount\", \"public\".\"investments\".\"date\", \"public\".\"investments\".\"description\", \"public\".\"investments\".\"createdAt\", \"public\".\"investments\".\"updatedAt\", \"public\".\"investments\".\"deletedAt\" FROM \"public\".\"investments\" WHERE (\"public\".\"investments\".\"userId\" = $1 AND \"public\".\"investments\".\"quantity\" > $2 AND \"public\".\"investments\".\"deletedAt\" IS NULL) OFFSET $3","service":"database","timestamp":"2026-03-12T01:33:32.489Z"}
{"duration_ms":9.320624999701977,"level":"debug","message":"db_query_executed","query":"SELECT \"public\".\"asset_codes\".\"code\", \"public\".\"asset_codes\".\"name\", \"public\".\"asset_codes\".\"unit\", \"public\".\"asset_codes\".\"toUSD\", \"public\".\"asset_codes\".\"toEUR\", \"public\".\"asset_codes\".\"toIDR\", \"public\".\"asset_codes\".\"createdAt\", \"public\".\"asset_codes\".\"updatedAt\", \"public\".\"asset_codes\".\"deletedAt\" FROM \"public\".\"asset_codes\" WHERE \"public\".\"asset_codes\".\"code\" IN ($1,$2,$3,$4,$5,$6,$7,$8,$9) OFFSET $10","service":"database","timestamp":"2026-03-12T01:33:32.504Z"}
{"level":"info","message":"get_user_investment_list_completed","page":1,"request_id":"a62cb03e-1180-4416-87ee-bac53f6a4956","service":"grpc_server","timestamp":"2026-03-12T01:33:32.521Z","total":9,"user_id":"a79a39e5-d70f-41ae-b7e6-36246a99172d"}
{"level":"debug","message":"grpc_request_received","method":"/investment.InvestmentService/GetUserInvestmentList","request_id":"11be9a43-0030-4d36-9d1c-fcf81b5029ab","service":"grpc_server","timestamp":"2026-03-12T04:18:20.542Z","user_id":"a79a39e5-d70f-41ae-b7e6-36246a99172d"}
{"duration_ms":42.19852600060403,"level":"debug","message":"db_query_executed","query":"SELECT \"public\".\"investments\".\"id\", \"public\".\"investments\".\"code\", \"public\".\"investments\".\"userId\", \"public\".\"investments\".\"walletId\", \"public\".\"investments\".\"quantity\", \"public\".\"investments\".\"initialValuation\", \"public\".\"investments\".\"amount\", \"public\".\"investments\".\"date\", \"public\".\"investments\".\"description\", \"public\".\"investments\".\"createdAt\", \"public\".\"investments\".\"updatedAt\", \"public\".\"investments\".\"deletedAt\" FROM \"public\".\"investments\" WHERE (\"public\".\"investments\".\"userId\" = $1 AND \"public\".\"investments\".\"quantity\" > $2 AND \"public\".\"investments\".\"deletedAt\" IS NULL) OFFSET $3","service":"database","timestamp":"2026-03-12T04:18:20.655Z"}
{"duration_ms":5.128030000254512,"level":"debug","message":"db_query_executed","query":"SELECT \"public\".\"asset_codes\".\"code\", \"public\".\"asset_codes\".\"name\", \"public\".\"asset_codes\".\"unit\", \"public\".\"asset_codes\".\"toUSD\", \"public\".\"asset_codes\".\"toEUR\", \"public\".\"asset_codes\".\"toIDR\", \"public\".\"asset_codes\".\"createdAt\", \"public\".\"asset_codes\".\"updatedAt\", \"public\".\"asset_codes\".\"deletedAt\" FROM \"public\".\"asset_codes\" WHERE \"public\".\"asset_codes\".\"code\" IN ($1,$2,$3,$4,$5,$6,$7,$8,$9) OFFSET $10","service":"database","timestamp":"2026-03-12T04:18:20.664Z"}
{"level":"info","message":"get_user_investment_list_completed","page":1,"request_id":"11be9a43-0030-4d36-9d1c-fcf81b5029ab","service":"grpc_server","timestamp":"2026-03-12T04:18:20.675Z","total":9,"user_id":"a79a39e5-d70f-41ae-b7e6-36246a99172d"}
{"level":"debug","message":"grpc_request_received","method":"/investment.InvestmentService/CreateInvestment","request_id":"93218040-bc9b-47f3-b3d9-06352c6556d8","service":"grpc_server","timestamp":"2026-03-12T04:24:36.750Z","user_id":"a79a39e5-d70f-41ae-b7e6-36246a99172d"}
{"duration_ms":30.756029998883605,"level":"debug","message":"db_query_executed","query":"INSERT INTO \"public\".\"investments\" (\"id\",\"code\",\"userId\",\"walletId\",\"quantity\",\"initialValuation\",\"amount\",\"date\",\"description\",\"createdAt\",\"updatedAt\") VALUES ($1,$2,$3,$4,$5,$6,$7,$8,$9,$10,$11) RETURNING \"public\".\"investments\".\"id\"","service":"database","timestamp":"2026-03-12T04:24:37.042Z"}
{"duration_ms":3.753192000091076,"level":"debug","message":"db_query_executed","query":"SELECT \"public\".\"investments\".\"id\", \"public\".\"investments\".\"userId\", \"public\".\"investments\".\"code\", \"public\".\"investments\".\"quantity\", \"public\".\"investments\".\"initialValuation\", \"public\".\"investments\".\"amount\", \"public\".\"investments\".\"date\", \"public\".\"investments\".\"description\", \"public\".\"investments\".\"walletId\", \"public\".\"investments\".\"createdAt\", \"public\".\"investments\".\"updatedAt\" FROM \"public\".\"investments\" WHERE \"public\".\"investments\".\"id\" = $1 LIMIT $2 OFFSET $3","service":"database","timestamp":"2026-03-12T04:24:37.048Z"}
{"duration_ms":2.5163740012794733,"level":"debug","message":"db_query_executed","query":"SELECT \"public\".\"asset_codes\".\"code\", \"public\".\"asset_codes\".\"name\", \"public\".\"asset_codes\".\"unit\", \"public\".\"asset_codes\".\"toUSD\", \"public\".\"asset_codes\".\"toIDR\", \"public\".\"asset_codes\".\"toEUR\", \"public\".\"asset_codes\".\"createdAt\", \"public\".\"asset_codes\".\"updatedAt\" FROM \"public\".\"asset_codes\" WHERE \"public\".\"asset_codes\".\"code\" = $1 OFFSET $2","service":"database","timestamp":"2026-03-12T04:24:37.052Z"}
{"duration_ms":4.053178001195192,"level":"debug","message":"db_query_executed","query":"COMMIT","service":"database","timestamp":"2026-03-12T04:24:37.061Z"}
{"investment_id":"1fd154b2-4efb-4b73-b573-a09384763508","level":"info","message":"create_investment_grpc_completed","request_id":"93218040-bc9b-47f3-b3d9-06352c6556d8","service":"grpc_server","timestamp":"2026-03-12T04:24:37.077Z","user_id":"a79a39e5-d70f-41ae-b7e6-36246a99172d"}
{"exchange":"refina_microservice","level":"info","message":"rabbitmq_exchange_declared","service":"rabbitmq","timestamp":"2026-03-12T04:24:37.152Z"}
{"level":"info","message":"rabbitmq_channel_ready","service":"rabbitmq","timestamp":"2026-03-12T04:24:37.165Z"}
{"level":"debug","message":"grpc_request_received","method":"/investment.InvestmentService/GetUserInvestmentList","request_id":"bfd95b42-f870-4578-a734-8f592c061db2","service":"grpc_server","timestamp":"2026-03-12T04:24:37.170Z","user_id":"a79a39e5-d70f-41ae-b7e6-36246a99172d"}
{"duration_ms":16.00276600010693,"level":"debug","message":"db_query_executed","query":"SELECT \"public\".\"investments\".\"id\", \"public\".\"investments\".\"code\", \"public\".\"investments\".\"userId\", \"public\".\"investments\".\"walletId\", \"public\".\"investments\".\"quantity\", \"public\".\"investments\".\"initialValuation\", \"public\".\"investments\".\"amount\", \"public\".\"investments\".\"date\", \"public\".\"investments\".\"description\", \"public\".\"investments\".\"createdAt\", \"public\".\"investments\".\"updatedAt\", \"public\".\"investments\".\"deletedAt\" FROM \"public\".\"investments\" WHERE (\"public\".\"investments\".\"userId\" = $1 AND \"public\".\"investments\".\"quantity\" > $2 AND \"public\".\"investments\".\"deletedAt\" IS NULL) OFFSET $3","service":"database","timestamp":"2026-03-12T04:24:37.191Z"}
{"duration_ms":2.669599000364542,"level":"debug","message":"db_query_executed","query":"SELECT \"public\".\"asset_codes\".\"code\", \"public\".\"asset_codes\".\"name\", \"public\".\"asset_codes\".\"unit\", \"public\".\"asset_codes\".\"toUSD\", \"public\".\"asset_codes\".\"toEUR\", \"public\".\"asset_codes\".\"toIDR\", \"public\".\"asset_codes\".\"createdAt\", \"public\".\"asset_codes\".\"updatedAt\", \"public\".\"asset_codes\".\"deletedAt\" FROM \"public\".\"asset_codes\" WHERE \"public\".\"asset_codes\".\"code\" IN ($1,$2,$3,$4,$5,$6,$7,$8,$9,$10) OFFSET $11","service":"database","timestamp":"2026-03-12T04:24:37.196Z"}
{"level":"info","message":"get_user_investment_list_completed","page":1,"request_id":"bfd95b42-f870-4578-a734-8f592c061db2","service":"grpc_server","timestamp":"2026-03-12T04:24:37.203Z","total":10,"user_id":"a79a39e5-d70f-41ae-b7e6-36246a99172d"}
{"level":"info","message":"event_published","routing_key":"investment.buy","service":"rabbitmq","timestamp":"2026-03-12T04:24:37.234Z"}
{"error":"Connection closed: 320 (CONNECTION-FORCED) with message \"CONNECTION_FORCED - broker forced connection closure with reason 'shutdown'\"","level":"warn","message":"rabbitmq_disconnected","service":"rabbitmq","timestamp":"2026-03-12T05:08:47.852Z"}
{"level":"info","message":"shutdown_started","service":"main","timestamp":"2026-03-12T05:08:48.975Z"}
